{
  "RSpec": {
    "coverage": {
      "/home/raphael/projetos/udemy/bdd-rspec/config/environment.rb": [
        null,
        1,
        null,
        null,
        1
      ],
      "/home/raphael/projetos/udemy/bdd-rspec/config/application.rb": [
        1,
        null,
        1,
        null,
        1,
        1,
        1,
        1,
        1,
        1,
        1,
        null,
        null,
        null,
        null,
        1,
        null,
        1,
        1,
        null,
        null,
        null,
        null,
        null,
        null,
        null,
        null,
        null,
        null,
        null,
        null,
        null,
        1,
        null,
        null
      ],
      "/home/raphael/projetos/udemy/bdd-rspec/config/boot.rb": [
        1,
        null,
        1
      ],
      "/home/raphael/projetos/udemy/bdd-rspec/config/environments/test.rb": [
        1,
        null,
        null,
        null,
        null,
        null,
        null,
        1,
        null,
        null,
        null,
        null,
        1,
        null,
        null,
        1,
        1,
        null,
        null,
        1,
        1,
        null,
        null,
        1,
        null,
        null,
        1,
        null,
        null,
        null,
        null,
        1,
        null,
        null,
        1,
        null,
        null,
        1,
        null,
        null,
        null,
        null
      ],
      "/home/raphael/projetos/udemy/bdd-rspec/config/initializers/assets.rb": [
        null,
        null,
        null,
        1,
        null,
        null,
        null,
        null,
        null,
        null,
        null
      ],
      "/home/raphael/projetos/udemy/bdd-rspec/config/initializers/backtrace_silencers.rb": [
        null,
        null,
        null,
        null,
        null,
        null,
        null
      ],
      "/home/raphael/projetos/udemy/bdd-rspec/config/initializers/cookies_serializer.rb": [
        null,
        null,
        1
      ],
      "/home/raphael/projetos/udemy/bdd-rspec/config/initializers/filter_parameter_logging.rb": [
        null,
        null,
        null,
        1
      ],
      "/home/raphael/projetos/udemy/bdd-rspec/config/initializers/inflections.rb": [
        null,
        null,
        null,
        null,
        null,
        null,
        null,
        null,
        null,
        null,
        null,
        null,
        null,
        null,
        null,
        null
      ],
      "/home/raphael/projetos/udemy/bdd-rspec/config/initializers/mime_types.rb": [
        null,
        null,
        null,
        null
      ],
      "/home/raphael/projetos/udemy/bdd-rspec/config/initializers/session_store.rb": [
        null,
        null,
        1
      ],
      "/home/raphael/projetos/udemy/bdd-rspec/config/initializers/wrap_parameters.rb": [
        null,
        null,
        null,
        null,
        null,
        null,
        1,
        1,
        null,
        null,
        null,
        null,
        null,
        null
      ],
      "/home/raphael/projetos/udemy/bdd-rspec/config/routes.rb": [
        1,
        1,
        1,
        null
      ],
      "/home/raphael/projetos/udemy/bdd-rspec/app/helpers/application_helper.rb": [
        1,
        null
      ],
      "/home/raphael/projetos/udemy/bdd-rspec/app/helpers/articles_helper.rb": [
        1,
        null
      ],
      "/home/raphael/projetos/udemy/bdd-rspec/app/controllers/articles_controller.rb": [
        1,
        1,
        5,
        null,
        null,
        1,
        2,
        null,
        null,
        1,
        2,
        2,
        1,
        1,
        null,
        1,
        1,
        null,
        null,
        null,
        1,
        null,
        1,
        2,
        null,
        null,
        1,
        2,
        null,
        null,
        null,
        null,
        null
      ],
      "/home/raphael/projetos/udemy/bdd-rspec/app/controllers/application_controller.rb": [
        1,
        null,
        null,
        1,
        null
      ],
      "/home/raphael/projetos/udemy/bdd-rspec/app/models/article.rb": [
        1,
        1,
        1,
        null,
        12,
        null
      ]
    },
    "timestamp": 1444863071
  }
}
